c:\users\dr_user\desktop\チーム制作\第七回チーム制作\rigurulib_44\rigurulib_44\rigurulib\release\vc120.pdb
c:\users\dr_user\desktop\チーム制作\第七回チーム制作\rigurulib_44\rigurulib_44\rigurulib\release\octreeuser.obj
c:\users\dr_user\desktop\チーム制作\第七回チーム制作\rigurulib_44\rigurulib_44\rigurulib\release\octreeloader.obj
c:\users\dr_user\desktop\チーム制作\第七回チーム制作\rigurulib_44\rigurulib_44\rigurulib\release\meshuser.obj
c:\users\dr_user\desktop\チーム制作\第七回チーム制作\rigurulib_44\rigurulib_44\rigurulib\release\mesh.obj
c:\users\dr_user\desktop\チーム制作\第七回チーム制作\rigurulib_44\rigurulib_44\rigurulib\release\graphic.obj
c:\users\dr_user\desktop\チーム制作\第七回チーム制作\rigurulib_44\rigurulib_44\rigurulib\release\rgraloader.obj
c:\users\dr_user\desktop\チーム制作\第七回チーム制作\rigurulib_44\rigurulib_44\rigurulib\release\animuser.obj
c:\users\dr_user\desktop\チーム制作\第七回チーム制作\rigurulib_44\rigurulib_44\rigurulib\release\animation.obj
c:\users\dr_user\desktop\チーム制作\第七回チーム制作\rigurulib_44\rigurulib_44\rigurulib\release\sound.obj
c:\users\dr_user\desktop\チーム制作\第七回チーム制作\rigurulib_44\rigurulib_44\rigurulib\release\audio.obj
c:\users\dr_user\desktop\チーム制作\第七回チーム制作\rigurulib_44\rigurulib_44\rigurulib\release\ui.obj
c:\users\dr_user\desktop\チーム制作\第七回チーム制作\rigurulib_44\rigurulib_44\rigurulib\release\threadweb.obj
c:\users\dr_user\desktop\チーム制作\第七回チーム制作\rigurulib_44\rigurulib_44\rigurulib\release\stage.obj
c:\users\dr_user\desktop\チーム制作\第七回チーム制作\rigurulib_44\rigurulib_44\rigurulib\release\player.obj
c:\users\dr_user\desktop\チーム制作\第七回チーム制作\rigurulib_44\rigurulib_44\rigurulib\release\thread.obj
c:\users\dr_user\desktop\チーム制作\第七回チーム制作\rigurulib_44\rigurulib_44\rigurulib\release\playeraction.obj
c:\users\dr_user\desktop\チーム制作\第七回チーム制作\rigurulib_44\rigurulib_44\rigurulib\release\collision.obj
c:\users\dr_user\desktop\チーム制作\第七回チーム制作\rigurulib_44\rigurulib_44\rigurulib\release\camera.obj
c:\users\dr_user\desktop\チーム制作\第七回チーム制作\rigurulib_44\rigurulib_44\rigurulib\release\actormanager.obj
c:\users\dr_user\desktop\チーム制作\第七回チーム制作\rigurulib_44\rigurulib_44\rigurulib\release\actor.obj
c:\users\dr_user\desktop\チーム制作\第七回チーム制作\rigurulib_44\rigurulib_44\rigurulib\release\vector3utility.obj
c:\users\dr_user\desktop\チーム制作\第七回チーム制作\rigurulib_44\rigurulib_44\rigurulib\release\vector3.obj
c:\users\dr_user\desktop\チーム制作\第七回チーム制作\rigurulib_44\rigurulib_44\rigurulib\release\vector2utility.obj
c:\users\dr_user\desktop\チーム制作\第七回チーム制作\rigurulib_44\rigurulib_44\rigurulib\release\vector2.obj
c:\users\dr_user\desktop\チーム制作\第七回チーム制作\rigurulib_44\rigurulib_44\rigurulib\release\quaternion.obj
c:\users\dr_user\desktop\チーム制作\第七回チーム制作\rigurulib_44\rigurulib_44\rigurulib\release\matrixutility.obj
c:\users\dr_user\desktop\チーム制作\第七回チーム制作\rigurulib_44\rigurulib_44\rigurulib\release\matrix4.obj
c:\users\dr_user\desktop\チーム制作\第七回チーム制作\rigurulib_44\rigurulib_44\rigurulib\release\mathutility.obj
c:\users\dr_user\desktop\チーム制作\第七回チーム制作\rigurulib_44\rigurulib_44\rigurulib\release\converter.obj
c:\users\dr_user\desktop\チーム制作\第七回チーム制作\rigurulib_44\rigurulib_44\rigurulib\release\main.obj
c:\users\dr_user\desktop\チーム制作\第七回チーム制作\rigurulib_44\rigurulib_44\rigurulib\release\mouse.obj
c:\users\dr_user\desktop\チーム制作\第七回チーム制作\rigurulib_44\rigurulib_44\rigurulib\release\keyboard.obj
c:\users\dr_user\desktop\チーム制作\第七回チーム制作\rigurulib_44\rigurulib_44\rigurulib\release\input.obj
c:\users\dr_user\desktop\チーム制作\第七回チーム制作\rigurulib_44\rigurulib_44\rigurulib\release\gamepad.obj
c:\users\dr_user\desktop\チーム制作\第七回チーム制作\rigurulib_44\rigurulib_44\rigurulib\release\texture.obj
c:\users\dr_user\desktop\チーム制作\第七回チーム制作\rigurulib_44\rigurulib_44\rigurulib\release\font.obj
c:\users\dr_user\desktop\チーム制作\第七回チーム制作\rigurulib_44\rigurulib_44\rigurulib\release\line.obj
c:\users\dr_user\desktop\チーム制作\第七回チーム制作\rigurulib_44\rigurulib_44\rigurulib\release\shader.obj
c:\users\dr_user\desktop\チーム制作\第七回チーム制作\rigurulib_44\rigurulib_44\rigurulib\release\loadtexture.obj
c:\users\dr_user\desktop\チーム制作\第七回チーム制作\rigurulib_44\rigurulib_44\rigurulib\release\rgrloader.obj
c:\users\dr_user\desktop\チーム制作\第七回チーム制作\rigurulib_44\rigurulib_44\rigurulib\release\worldactor.obj
c:\users\dr_user\desktop\チーム制作\第七回チーム制作\rigurulib_44\rigurulib_44\rigurulib\release\world.obj
c:\users\dr_user\desktop\チーム制作\第七回チーム制作\rigurulib_44\rigurulib_44\rigurulib\release\titlescene.obj
c:\users\dr_user\desktop\チーム制作\第七回チーム制作\rigurulib_44\rigurulib_44\rigurulib\release\scenemanager.obj
c:\users\dr_user\desktop\チーム制作\第七回チーム制作\rigurulib_44\rigurulib_44\rigurulib\release\gameplayscene.obj
c:\users\dr_user\desktop\チーム制作\第七回チーム制作\rigurulib_44\rigurulib_44\rigurulib\release\d3d11user.obj
c:\users\dr_user\desktop\チーム制作\第七回チーム制作\rigurulib_44\rigurulib_44\rigurulib\shader\cso\cubeshader.cso
c:\users\dr_user\desktop\チーム制作\第七回チーム制作\rigurulib_44\rigurulib_44\rigurulib\shader\cso\fbxmodelshader.cso
c:\users\dr_user\desktop\チーム制作\第七回チーム制作\rigurulib_44\rigurulib_44\rigurulib\shader\cso\fontshader.cso
c:\users\dr_user\desktop\チーム制作\第七回チーム制作\rigurulib_44\rigurulib_44\rigurulib\shader\cso\lineshader.cso
c:\users\dr_user\desktop\チーム制作\第七回チーム制作\rigurulib_44\rigurulib_44\rigurulib\shader\cso\sphereshader.cso
c:\users\dr_user\desktop\チーム制作\第七回チーム制作\rigurulib_44\rigurulib_44\rigurulib\shader\cso\stageshader.cso
c:\users\dr_user\desktop\チーム制作\第七回チーム制作\rigurulib_44\rigurulib_44\rigurulib\shader\cso\textureshader.cso
c:\users\dr_user\desktop\チーム制作\第七回チーム制作\rigurulib_44\rigurulib_44\release\rigurulib.exe
c:\users\dr_user\desktop\チーム制作\第七回チーム制作\rigurulib_44\rigurulib_44\release\rigurulib.pdb
c:\users\dr_user\desktop\チーム制作\第七回チーム制作\rigurulib_44\rigurulib_44\rigurulib\release\enemy.obj
c:\users\dr_user\desktop\チーム制作\第七回チーム制作\rigurulib_44\rigurulib_44\rigurulib\release\rigurulib.tlog\cl.command.1.tlog
c:\users\dr_user\desktop\チーム制作\第七回チーム制作\rigurulib_44\rigurulib_44\rigurulib\release\rigurulib.tlog\cl.read.1.tlog
c:\users\dr_user\desktop\チーム制作\第七回チーム制作\rigurulib_44\rigurulib_44\rigurulib\release\rigurulib.tlog\cl.write.1.tlog
c:\users\dr_user\desktop\チーム制作\第七回チーム制作\rigurulib_44\rigurulib_44\rigurulib\release\rigurulib.tlog\fxc.command.1.tlog
c:\users\dr_user\desktop\チーム制作\第七回チーム制作\rigurulib_44\rigurulib_44\rigurulib\release\rigurulib.tlog\fxc.read.1.tlog
c:\users\dr_user\desktop\チーム制作\第七回チーム制作\rigurulib_44\rigurulib_44\rigurulib\release\rigurulib.tlog\fxc.write.1.tlog
c:\users\dr_user\desktop\チーム制作\第七回チーム制作\rigurulib_44\rigurulib_44\rigurulib\release\rigurulib.tlog\link.command.1.tlog
c:\users\dr_user\desktop\チーム制作\第七回チーム制作\rigurulib_44\rigurulib_44\rigurulib\release\rigurulib.tlog\link.read.1.tlog
c:\users\dr_user\desktop\チーム制作\第七回チーム制作\rigurulib_44\rigurulib_44\rigurulib\release\rigurulib.tlog\link.write.1.tlog
c:\users\dr_user\desktop\チーム制作\第七回チーム制作\rigurulib_44\rigurulib_44\rigurulib\release\rigurulib.tlog\rigurulib.write.1u.tlog
