2016/01/29 11:52:47 にビルドを開始しました。
     1>ノード 2 上のプロジェクト "C:\Users\riguruchan\Desktop\RiguruLib_60\RiguruLib\RiguruLib\RiguruLib.vcxproj" (Build ターゲット)。
     1>FxCompile:
         C:\Program Files (x86)\Windows Kits\8.1\bin\x86\fxc.exe /nologo /E"VS_Main" /T fx_5_0 /Fo "C:\Users\riguruchan\Desktop\RiguruLib_60\RiguruLib\Debug\\../\RiguruLib\Shader\cso\CrystalShader.cso" /Od /Zi Shader\hlsl\CrystalShader.hlsl 
     1>FXC : warning X4717: Effects deprecated for D3DCompiler_47
     1>C:\Users\riguruchan\Desktop\RiguruLib_60\RiguruLib\RiguruLib\Shader\hlsl\CrystalShader.hlsl(51,8-23): warning X3206: 'mul': implicit truncation of vector type
     1>C:\Users\riguruchan\Desktop\RiguruLib_60\RiguruLib\RiguruLib\Shader\hlsl\CrystalShader.hlsl(51,2-23): warning X3206: implicit truncation of vector type
     1>C:\Users\riguruchan\Desktop\RiguruLib_60\RiguruLib\RiguruLib\Shader\hlsl\CrystalShader.hlsl(52,15-30): warning X3206: 'mul': implicit truncation of vector type
     1>C:\Users\riguruchan\Desktop\RiguruLib_60\RiguruLib\RiguruLib\Shader\hlsl\CrystalShader.hlsl(52,2-30): warning X3206: implicit truncation of vector type
         
         compilation object save succeeded; see C:\Users\riguruchan\Desktop\RiguruLib_60\RiguruLib\RiguruLib\Shader\cso\CrystalShader.cso
         C:\Program Files (x86)\Windows Kits\8.1\bin\x86\fxc.exe /nologo /E"VS_Main" /T fx_5_0 /Fo "C:\Users\riguruchan\Desktop\RiguruLib_60\RiguruLib\Debug\\../\RiguruLib\Shader\cso\CubeShader.cso" /Od /Zi Shader\hlsl\CubeShader.hlsl 
     1>FXC : warning X4717: Effects deprecated for D3DCompiler_47
         
         compilation object save succeeded; see C:\Users\riguruchan\Desktop\RiguruLib_60\RiguruLib\RiguruLib\Shader\cso\CubeShader.cso
         C:\Program Files (x86)\Windows Kits\8.1\bin\x86\fxc.exe /nologo /E"VS_Main" /T fx_5_0 /Fo "C:\Users\riguruchan\Desktop\RiguruLib_60\RiguruLib\Debug\\../\RiguruLib\Shader\cso\fbxModelShader.cso" /Od /Zi Shader\hlsl\fbxModelShader.hlsl 
     1>FXC : warning X4717: Effects deprecated for D3DCompiler_47
     1>C:\Users\riguruchan\Desktop\RiguruLib_60\RiguruLib\RiguruLib\Shader\hlsl\fbxModelShader.hlsl(51,9-44): warning X3206: implicit truncation of vector type
     1>C:\Users\riguruchan\Desktop\RiguruLib_60\RiguruLib\RiguruLib\Shader\hlsl\fbxModelShader.hlsl(52,9-44): warning X3206: implicit truncation of vector type
     1>C:\Users\riguruchan\Desktop\RiguruLib_60\RiguruLib\RiguruLib\Shader\hlsl\fbxModelShader.hlsl(53,9-44): warning X3206: implicit truncation of vector type
     1>C:\Users\riguruchan\Desktop\RiguruLib_60\RiguruLib\RiguruLib\Shader\hlsl\fbxModelShader.hlsl(54,9-44): warning X3206: implicit truncation of vector type
     1>C:\Users\riguruchan\Desktop\RiguruLib_60\RiguruLib\RiguruLib\Shader\hlsl\fbxModelShader.hlsl(56,32-44): warning X3206: 'mul': implicit truncation of vector type
     1>C:\Users\riguruchan\Desktop\RiguruLib_60\RiguruLib\RiguruLib\Shader\hlsl\fbxModelShader.hlsl(56,9-44): warning X3206: implicit truncation of vector type
     1>C:\Users\riguruchan\Desktop\RiguruLib_60\RiguruLib\RiguruLib\Shader\hlsl\fbxModelShader.hlsl(57,32-44): warning X3206: 'mul': implicit truncation of vector type
     1>C:\Users\riguruchan\Desktop\RiguruLib_60\RiguruLib\RiguruLib\Shader\hlsl\fbxModelShader.hlsl(57,9-44): warning X3206: implicit truncation of vector type
     1>C:\Users\riguruchan\Desktop\RiguruLib_60\RiguruLib\RiguruLib\Shader\hlsl\fbxModelShader.hlsl(58,32-44): warning X3206: 'mul': implicit truncation of vector type
     1>C:\Users\riguruchan\Desktop\RiguruLib_60\RiguruLib\RiguruLib\Shader\hlsl\fbxModelShader.hlsl(58,9-44): warning X3206: implicit truncation of vector type
     1>C:\Users\riguruchan\Desktop\RiguruLib_60\RiguruLib\RiguruLib\Shader\hlsl\fbxModelShader.hlsl(59,32-44): warning X3206: 'mul': implicit truncation of vector type
     1>C:\Users\riguruchan\Desktop\RiguruLib_60\RiguruLib\RiguruLib\Shader\hlsl\fbxModelShader.hlsl(59,9-44): warning X3206: implicit truncation of vector type
     1>C:\Users\riguruchan\Desktop\RiguruLib_60\RiguruLib\RiguruLib\Shader\hlsl\fbxModelShader.hlsl(67,8-23): warning X3206: 'mul': implicit truncation of vector type
     1>C:\Users\riguruchan\Desktop\RiguruLib_60\RiguruLib\RiguruLib\Shader\hlsl\fbxModelShader.hlsl(67,2-23): warning X3206: implicit truncation of vector type
     1>C:\Users\riguruchan\Desktop\RiguruLib_60\RiguruLib\RiguruLib\Shader\hlsl\fbxModelShader.hlsl(68,8-23): warning X3206: 'mul': implicit truncation of vector type
     1>C:\Users\riguruchan\Desktop\RiguruLib_60\RiguruLib\RiguruLib\Shader\hlsl\fbxModelShader.hlsl(68,2-23): warning X3206: implicit truncation of vector type
         
         compilation object save succeeded; see C:\Users\riguruchan\Desktop\RiguruLib_60\RiguruLib\RiguruLib\Shader\cso\fbxModelShader.cso
         C:\Program Files (x86)\Windows Kits\8.1\bin\x86\fxc.exe /nologo /E"VS_Main" /T fx_5_0 /Fo "C:\Users\riguruchan\Desktop\RiguruLib_60\RiguruLib\Debug\\../\RiguruLib\Shader\cso\FontShader.cso" /Od /Zi Shader\hlsl\FontShader.hlsl 
     1>FXC : warning X4717: Effects deprecated for D3DCompiler_47
         
         compilation object save succeeded; see C:\Users\riguruchan\Desktop\RiguruLib_60\RiguruLib\RiguruLib\Shader\cso\FontShader.cso
         C:\Program Files (x86)\Windows Kits\8.1\bin\x86\fxc.exe /nologo /E"VS_Main" /T fx_5_0 /Fo "C:\Users\riguruchan\Desktop\RiguruLib_60\RiguruLib\Debug\\../\RiguruLib\Shader\cso\LineShader.cso" /Od /Zi Shader\hlsl\LineShader.hlsl 
     1>FXC : warning X4717: Effects deprecated for D3DCompiler_47
         
         compilation object save succeeded; see C:\Users\riguruchan\Desktop\RiguruLib_60\RiguruLib\RiguruLib\Shader\cso\LineShader.cso
         C:\Program Files (x86)\Windows Kits\8.1\bin\x86\fxc.exe /nologo /E"VS_Main" /T fx_5_0 /Fo "C:\Users\riguruchan\Desktop\RiguruLib_60\RiguruLib\Debug\\../\RiguruLib\Shader\cso\SphereShader.cso" /Od /Zi Shader\hlsl\SphereShader.hlsl 
     1>FXC : warning X4717: Effects deprecated for D3DCompiler_47
         
         compilation object save succeeded; see C:\Users\riguruchan\Desktop\RiguruLib_60\RiguruLib\RiguruLib\Shader\cso\SphereShader.cso
         C:\Program Files (x86)\Windows Kits\8.1\bin\x86\fxc.exe /nologo /E"VS_Main" /T fx_5_0 /Fo "C:\Users\riguruchan\Desktop\RiguruLib_60\RiguruLib\Debug\\../\RiguruLib\Shader\cso\StageShader.cso" /Od /Zi Shader\hlsl\StageShader.hlsl 
     1>FXC : warning X4717: Effects deprecated for D3DCompiler_47
     1>C:\Users\riguruchan\Desktop\RiguruLib_60\RiguruLib\RiguruLib\Shader\hlsl\StageShader.hlsl(51,8-23): warning X3206: 'mul': implicit truncation of vector type
     1>C:\Users\riguruchan\Desktop\RiguruLib_60\RiguruLib\RiguruLib\Shader\hlsl\StageShader.hlsl(51,2-23): warning X3206: implicit truncation of vector type
     1>C:\Users\riguruchan\Desktop\RiguruLib_60\RiguruLib\RiguruLib\Shader\hlsl\StageShader.hlsl(52,15-30): warning X3206: 'mul': implicit truncation of vector type
     1>C:\Users\riguruchan\Desktop\RiguruLib_60\RiguruLib\RiguruLib\Shader\hlsl\StageShader.hlsl(52,2-30): warning X3206: implicit truncation of vector type
         
         compilation object save succeeded; see C:\Users\riguruchan\Desktop\RiguruLib_60\RiguruLib\RiguruLib\Shader\cso\StageShader.cso
         C:\Program Files (x86)\Windows Kits\8.1\bin\x86\fxc.exe /nologo /E"VS_Main" /T fx_5_0 /Fo "C:\Users\riguruchan\Desktop\RiguruLib_60\RiguruLib\Debug\\../\RiguruLib\Shader\cso\TextureShader.cso" /Od /Zi Shader\hlsl\TextureShader.hlsl 
     1>FXC : warning X4717: Effects deprecated for D3DCompiler_47
         
         compilation object save succeeded; see C:\Users\riguruchan\Desktop\RiguruLib_60\RiguruLib\RiguruLib\Shader\cso\TextureShader.cso
         C:\Program Files (x86)\Windows Kits\8.1\bin\x86\fxc.exe /nologo /E"VS_Main" /T fx_5_0 /Fo "C:\Users\riguruchan\Desktop\RiguruLib_60\RiguruLib\Debug\\../\RiguruLib\Shader\cso\ThreadEffectShader.cso" /Od /Zi Shader\hlsl\ThreadEffectShader.hlsl 
     1>FXC : warning X4717: Effects deprecated for D3DCompiler_47
     1>C:\Users\riguruchan\Desktop\RiguruLib_60\RiguruLib\RiguruLib\Shader\hlsl\ThreadEffectShader.hlsl(51,9-44): warning X3206: implicit truncation of vector type
     1>C:\Users\riguruchan\Desktop\RiguruLib_60\RiguruLib\RiguruLib\Shader\hlsl\ThreadEffectShader.hlsl(52,9-44): warning X3206: implicit truncation of vector type
     1>C:\Users\riguruchan\Desktop\RiguruLib_60\RiguruLib\RiguruLib\Shader\hlsl\ThreadEffectShader.hlsl(53,9-44): warning X3206: implicit truncation of vector type
     1>C:\Users\riguruchan\Desktop\RiguruLib_60\RiguruLib\RiguruLib\Shader\hlsl\ThreadEffectShader.hlsl(54,9-44): warning X3206: implicit truncation of vector type
     1>C:\Users\riguruchan\Desktop\RiguruLib_60\RiguruLib\RiguruLib\Shader\hlsl\ThreadEffectShader.hlsl(56,32-44): warning X3206: 'mul': implicit truncation of vector type
     1>C:\Users\riguruchan\Desktop\RiguruLib_60\RiguruLib\RiguruLib\Shader\hlsl\ThreadEffectShader.hlsl(56,9-44): warning X3206: implicit truncation of vector type
     1>C:\Users\riguruchan\Desktop\RiguruLib_60\RiguruLib\RiguruLib\Shader\hlsl\ThreadEffectShader.hlsl(57,32-44): warning X3206: 'mul': implicit truncation of vector type
     1>C:\Users\riguruchan\Desktop\RiguruLib_60\RiguruLib\RiguruLib\Shader\hlsl\ThreadEffectShader.hlsl(57,9-44): warning X3206: implicit truncation of vector type
     1>C:\Users\riguruchan\Desktop\RiguruLib_60\RiguruLib\RiguruLib\Shader\hlsl\ThreadEffectShader.hlsl(58,32-44): warning X3206: 'mul': implicit truncation of vector type
     1>C:\Users\riguruchan\Desktop\RiguruLib_60\RiguruLib\RiguruLib\Shader\hlsl\ThreadEffectShader.hlsl(58,9-44): warning X3206: implicit truncation of vector type
     1>C:\Users\riguruchan\Desktop\RiguruLib_60\RiguruLib\RiguruLib\Shader\hlsl\ThreadEffectShader.hlsl(59,32-44): warning X3206: 'mul': implicit truncation of vector type
     1>C:\Users\riguruchan\Desktop\RiguruLib_60\RiguruLib\RiguruLib\Shader\hlsl\ThreadEffectShader.hlsl(59,9-44): warning X3206: implicit truncation of vector type
     1>C:\Users\riguruchan\Desktop\RiguruLib_60\RiguruLib\RiguruLib\Shader\hlsl\ThreadEffectShader.hlsl(67,8-23): warning X3206: 'mul': implicit truncation of vector type
     1>C:\Users\riguruchan\Desktop\RiguruLib_60\RiguruLib\RiguruLib\Shader\hlsl\ThreadEffectShader.hlsl(67,2-23): warning X3206: implicit truncation of vector type
     1>C:\Users\riguruchan\Desktop\RiguruLib_60\RiguruLib\RiguruLib\Shader\hlsl\ThreadEffectShader.hlsl(68,8-23): warning X3206: 'mul': implicit truncation of vector type
     1>C:\Users\riguruchan\Desktop\RiguruLib_60\RiguruLib\RiguruLib\Shader\hlsl\ThreadEffectShader.hlsl(68,2-23): warning X3206: implicit truncation of vector type
         
         compilation object save succeeded; see C:\Users\riguruchan\Desktop\RiguruLib_60\RiguruLib\RiguruLib\Shader\cso\ThreadEffectShader.cso
       ClCompile:
         C:\Program Files (x86)\Microsoft Visual Studio 12.0\VC\bin\CL.exe /c /ZI /nologo /W3 /WX- /sdl /Od /Oy- /D WIN32 /D _DEBUG /D _WINDOWS /D _UNICODE /D UNICODE /Gm /EHsc /RTC1 /MDd /GS /fp:precise /Zc:wchar_t /Zc:forScope /Fo"Debug\\" /Fd"Debug\vc120.pdb" /Gd /TP /analyze- /errorReport:prompt Src\Actor\Actor.cpp Src\Actor\ActorManager.cpp Src\Actor\Base.cpp Src\Actor\Camera\Camera.cpp Src\Actor\Collision.cpp Src\Actor\CrystalCenter.cpp Src\Actor\EnemyAI\FirstAI.cpp Src\Actor\EnemyAI\SecondAI.cpp Src\Actor\EnemyAI\TherdAI.cpp Src\Actor\PlayerAction\Action\AirCurlAction.cpp Src\Actor\PlayerAction\Action\DangleAction.cpp Src\Actor\PlayerAction\Action\GroundCurlAction.cpp Src\Actor\PlayerAction\Action\HoverAction.cpp Src\Actor\PlayerAction\Action\JumpAction.cpp Src\Actor\PlayerAction\Action\NormalAction.cpp Src\Actor\PlayerAction\Action\ThreadWebAction.cpp Src\Actor\PlayerAction\PlayerAction.cpp Src\Actor\PlayerAction\PlayerActionManager.cpp Src\Actor\PlayerAction\Action\RewindAction.cpp Src\Actor\PlayerAction\Action\StepAction.cpp Src\Actor\PlayerAction\Action\ThreadAction.cpp Src\Actor\Thread.cpp Src\Actor\Player.cpp Src\Actor\Stage.cpp Src\Actor\ThreadBullet.cpp Src\Actor\ThreadEffect.cpp Src\Actor\ThreadWeb.cpp Src\Actor\UI.cpp Src\Audio\Audio.cpp Src\Audio\Sound.cpp Src\Graphic\Animation\Animation.cpp Src\Graphic\Animation\AnimUser.cpp Src\Graphic\Animation\RgrALoader.cpp Src\Graphic\Graphic.cpp Src\Graphic\Rgr\Mesh.cpp Src\Graphic\Rgr\MeshUser.cpp Src\Graphic\Rgr\OctreeLoader.cpp Src\Graphic\Rgr\OctreeUser.cpp Src\Graphic\Rgr\RgrLoader.cpp Src\Graphic\Shader\LoadTexture.cpp Src\Graphic\Shader\Shader.cpp Src\Graphic\Shape\Line.cpp Src\Graphic\Texture\Font.cpp Src\Graphic\Texture\Texture.cpp Src\Input\GamePad.cpp Src\Input\Input.cpp Src\Input\KeyBoard.cpp Src\Input\Mouse.cpp Src\main.cpp Src\Math\Converter.cpp Src\Math\MathUtility.cpp Src\Math\Matrix4.cpp Src\Math\MatrixUtility.cpp Src\Math\Quaternion.cpp Src\Math\V3Calculation.cpp Src\Math\Vector2.cpp Src\Math\Vector2Utility.cpp Src\Math\Vector3.cpp Src\Math\Vector3Utility.cpp Src\Other\D3D11User.cpp Src\scene\DemoScene.cpp Src\scene\GamePlayScene.cpp Src\scene\ResultScene.cpp Src\scene\SceneManager.cpp Src\scene\TitleScene.cpp Src\world\World.cpp Src\world\WorldActor.cpp
         WorldActor.cpp
         World.cpp
         TitleScene.cpp
         c:\users\riguruchan\desktop\rigurulib_60\rigurulib\directx\inc\dinput.h: DIRECTINPUT_VERSION undefined. Defaulting to version 0x0800
     1>c:\users\riguruchan\desktop\rigurulib_60\rigurulib\rigurulib\src\scene\titlescene.cpp(82): warning C4244: '+=' : 'float' から 'int' への変換です。データが失われる可能性があります。
         SceneManager.cpp
         ResultScene.cpp
         c:\users\riguruchan\desktop\rigurulib_60\rigurulib\directx\inc\dinput.h: DIRECTINPUT_VERSION undefined. Defaulting to version 0x0800
         GamePlayScene.cpp
         c:\users\riguruchan\desktop\rigurulib_60\rigurulib\directx\inc\dinput.h: DIRECTINPUT_VERSION undefined. Defaulting to version 0x0800
         DemoScene.cpp
         c:\users\riguruchan\desktop\rigurulib_60\rigurulib\directx\inc\dinput.h: DIRECTINPUT_VERSION undefined. Defaulting to version 0x0800
     1>c:\users\riguruchan\desktop\rigurulib_60\rigurulib\rigurulib\src\scene\demoscene.cpp(121): warning C4244: '+=' : 'float' から 'int' への変換です。データが失われる可能性があります。
     1>c:\users\riguruchan\desktop\rigurulib_60\rigurulib\rigurulib\src\scene\demoscene.cpp(135): warning C4244: '+=' : 'float' から 'int' への変換です。データが失われる可能性があります。
     1>c:\users\riguruchan\desktop\rigurulib_60\rigurulib\rigurulib\src\scene\demoscene.cpp(137): warning C4244: '引数' : 'int' から 'float' への変換です。データが失われる可能性があります。
     1>c:\users\riguruchan\desktop\rigurulib_60\rigurulib\rigurulib\src\scene\demoscene.cpp(156): warning C4244: '+=' : 'float' から 'int' への変換です。データが失われる可能性があります。
         D3D11User.cpp
         Vector3Utility.cpp
         Vector3.cpp
         Vector2Utility.cpp
         Vector2.cpp
         V3Calculation.cpp
         Quaternion.cpp
         MatrixUtility.cpp
         Matrix4.cpp
         MathUtility.cpp
         Converter.cpp
         main.cpp
         c:\users\riguruchan\desktop\rigurulib_60\rigurulib\directx\inc\dinput.h: DIRECTINPUT_VERSION undefined. Defaulting to version 0x0800
         Mouse.cpp
         c:\users\riguruchan\desktop\rigurulib_60\rigurulib\directx\inc\dinput.h: DIRECTINPUT_VERSION undefined. Defaulting to version 0x0800
         コードを生成中...
         コンパイル中...
         KeyBoard.cpp
         c:\users\riguruchan\desktop\rigurulib_60\rigurulib\directx\inc\dinput.h: DIRECTINPUT_VERSION undefined. Defaulting to version 0x0800
         Input.cpp
         c:\users\riguruchan\desktop\rigurulib_60\rigurulib\directx\inc\dinput.h: DIRECTINPUT_VERSION undefined. Defaulting to version 0x0800
     1>c:\users\riguruchan\desktop\rigurulib_60\rigurulib\rigurulib\src\input\input.cpp(25): warning C4800: 'BYTE' : ブール値を 'true' または 'false' に強制的に設定します (警告の処理)
         GamePad.cpp
         c:\users\riguruchan\desktop\rigurulib_60\rigurulib\directx\inc\dinput.h: DIRECTINPUT_VERSION undefined. Defaulting to version 0x0800
         Texture.cpp
         c:\users\riguruchan\desktop\rigurulib_60\rigurulib\directx\inc\dinput.h: DIRECTINPUT_VERSION undefined. Defaulting to version 0x0800
     1>c:\users\riguruchan\desktop\rigurulib_60\rigurulib\rigurulib\src\graphic\texture\texture.cpp(35): warning C4244: '=' : 'UINT' から 'float' への変換です。データが失われる可能性があります。
     1>c:\users\riguruchan\desktop\rigurulib_60\rigurulib\rigurulib\src\graphic\texture\texture.cpp(36): warning C4244: '=' : 'UINT' から 'float' への変換です。データが失われる可能性があります。
         Font.cpp
         c:\users\riguruchan\desktop\rigurulib_60\rigurulib\directx\inc\dinput.h: DIRECTINPUT_VERSION undefined. Defaulting to version 0x0800
     1>c:\users\riguruchan\desktop\rigurulib_60\rigurulib\rigurulib\src\graphic\texture\font.cpp(215): warning C4018: '<' : signed と unsigned の数値を比較しようとしました。
     1>c:\users\riguruchan\desktop\rigurulib_60\rigurulib\rigurulib\src\graphic\texture\font.cpp(225): warning C4018: '<' : signed と unsigned の数値を比較しようとしました。
         Line.cpp
         c:\users\riguruchan\desktop\rigurulib_60\rigurulib\directx\inc\dinput.h: DIRECTINPUT_VERSION undefined. Defaulting to version 0x0800
         Shader.cpp
         c:\users\riguruchan\desktop\rigurulib_60\rigurulib\directx\inc\dinput.h: DIRECTINPUT_VERSION undefined. Defaulting to version 0x0800
         LoadTexture.cpp
         c:\users\riguruchan\desktop\rigurulib_60\rigurulib\directx\inc\dinput.h: DIRECTINPUT_VERSION undefined. Defaulting to version 0x0800
         RgrLoader.cpp
         OctreeUser.cpp
         OctreeLoader.cpp
         MeshUser.cpp
         Mesh.cpp
         c:\users\riguruchan\desktop\rigurulib_60\rigurulib\directx\inc\dinput.h: DIRECTINPUT_VERSION undefined. Defaulting to version 0x0800
     1>c:\users\riguruchan\desktop\rigurulib_60\rigurulib\rigurulib\src\graphic\rgr\mesh.cpp(45): warning C4244: '初期化中' : 'float' から 'UINT' への変換です。データが失われる可能性があります。
     1>c:\users\riguruchan\desktop\rigurulib_60\rigurulib\rigurulib\src\graphic\rgr\mesh.cpp(72): warning C4018: '<' : signed と unsigned の数値を比較しようとしました。
     1>c:\users\riguruchan\desktop\rigurulib_60\rigurulib\rigurulib\src\graphic\rgr\mesh.cpp(82): warning C4018: '<' : signed と unsigned の数値を比較しようとしました。
     1>c:\users\riguruchan\desktop\rigurulib_60\rigurulib\rigurulib\src\graphic\rgr\mesh.cpp(85): warning C4018: '<' : signed と unsigned の数値を比較しようとしました。
         Graphic.cpp
         c:\users\riguruchan\desktop\rigurulib_60\rigurulib\directx\inc\dinput.h: DIRECTINPUT_VERSION undefined. Defaulting to version 0x0800
         RgrALoader.cpp
         AnimUser.cpp
         Animation.cpp
     1>c:\users\riguruchan\desktop\rigurulib_60\rigurulib\rigurulib\src\graphic\animation\animation.cpp(77): warning C4018: '<' : signed と unsigned の数値を比較しようとしました。
     1>c:\users\riguruchan\desktop\rigurulib_60\rigurulib\rigurulib\src\graphic\animation\animation.cpp(93): warning C4018: '<' : signed と unsigned の数値を比較しようとしました。
     1>c:\users\riguruchan\desktop\rigurulib_60\rigurulib\rigurulib\src\graphic\animation\animation.cpp(101): warning C4018: '<' : signed と unsigned の数値を比較しようとしました。
     1>c:\users\riguruchan\desktop\rigurulib_60\rigurulib\rigurulib\src\graphic\animation\animation.cpp(108): warning C4018: '<' : signed と unsigned の数値を比較しようとしました。
         Sound.cpp
         c:\users\riguruchan\desktop\rigurulib_60\rigurulib\directx\inc\dinput.h: DIRECTINPUT_VERSION undefined. Defaulting to version 0x0800
         Audio.cpp
         UI.cpp
         c:\users\riguruchan\desktop\rigurulib_60\rigurulib\directx\inc\dinput.h: DIRECTINPUT_VERSION undefined. Defaulting to version 0x0800
     1>c:\users\riguruchan\desktop\rigurulib_60\rigurulib\rigurulib\src\actor\ui.cpp(174): warning C4244: '初期化中' : 'float' から 'int' への変換です。データが失われる可能性があります。
     1>c:\users\riguruchan\desktop\rigurulib_60\rigurulib\rigurulib\src\actor\ui.cpp(175): warning C4244: '初期化中' : 'float' から 'int' への変換です。データが失われる可能性があります。
         コードを生成中...
         コンパイル中...
         ThreadWeb.cpp
         c:\users\riguruchan\desktop\rigurulib_60\rigurulib\directx\inc\dinput.h: DIRECTINPUT_VERSION undefined. Defaulting to version 0x0800
         ThreadEffect.cpp
         c:\users\riguruchan\desktop\rigurulib_60\rigurulib\directx\inc\dinput.h: DIRECTINPUT_VERSION undefined. Defaulting to version 0x0800
         ThreadBullet.cpp
         c:\users\riguruchan\desktop\rigurulib_60\rigurulib\directx\inc\dinput.h: DIRECTINPUT_VERSION undefined. Defaulting to version 0x0800
         Stage.cpp
         c:\users\riguruchan\desktop\rigurulib_60\rigurulib\directx\inc\dinput.h: DIRECTINPUT_VERSION undefined. Defaulting to version 0x0800
         Player.cpp
         c:\users\riguruchan\desktop\rigurulib_60\rigurulib\directx\inc\dinput.h: DIRECTINPUT_VERSION undefined. Defaulting to version 0x0800
     1>c:\users\riguruchan\desktop\rigurulib_60\rigurulib\rigurulib\src\actor\player.cpp(322): warning C4244: '引数' : 'int' から 'float' への変換です。データが失われる可能性があります。
     1>c:\users\riguruchan\desktop\rigurulib_60\rigurulib\rigurulib\src\actor\player.cpp(323): warning C4244: '引数' : 'int' から 'float' への変換です。データが失われる可能性があります。
     1>c:\users\riguruchan\desktop\rigurulib_60\rigurulib\rigurulib\src\actor\player.cpp(324): warning C4244: '引数' : 'int' から 'float' への変換です。データが失われる可能性があります。
         Thread.cpp
         c:\users\riguruchan\desktop\rigurulib_60\rigurulib\directx\inc\dinput.h: DIRECTINPUT_VERSION undefined. Defaulting to version 0x0800
         ThreadAction.cpp
         c:\users\riguruchan\desktop\rigurulib_60\rigurulib\directx\inc\dinput.h: DIRECTINPUT_VERSION undefined. Defaulting to version 0x0800
     1>c:\users\riguruchan\desktop\rigurulib_60\rigurulib\rigurulib\src\actor\playeraction\action\threadaction.cpp(37): warning C4244: '引数' : 'int' から 'float' への変換です。データが失われる可能性があります。
     1>c:\users\riguruchan\desktop\rigurulib_60\rigurulib\rigurulib\src\actor\playeraction\action\threadaction.cpp(38): warning C4244: '引数' : 'int' から 'float' への変換です。データが失われる可能性があります。
     1>c:\users\riguruchan\desktop\rigurulib_60\rigurulib\rigurulib\src\actor\playeraction\action\threadaction.cpp(39): warning C4244: '引数' : 'int' から 'float' への変換です。データが失われる可能性があります。
     1>c:\users\riguruchan\desktop\rigurulib_60\rigurulib\rigurulib\src\actor\playeraction\action\threadaction.cpp(47): warning C4244: '引数' : 'int' から 'float' への変換です。データが失われる可能性があります。
     1>c:\users\riguruchan\desktop\rigurulib_60\rigurulib\rigurulib\src\actor\playeraction\action\threadaction.cpp(103): warning C4244: '引数' : 'int' から 'float' への変換です。データが失われる可能性があります。
     1>c:\users\riguruchan\desktop\rigurulib_60\rigurulib\rigurulib\src\actor\playeraction\action\threadaction.cpp(104): warning C4244: '引数' : 'int' から 'float' への変換です。データが失われる可能性があります。
     1>c:\users\riguruchan\desktop\rigurulib_60\rigurulib\rigurulib\src\actor\playeraction\action\threadaction.cpp(105): warning C4244: '引数' : 'int' から 'float' への変換です。データが失われる可能性があります。
     1>c:\users\riguruchan\desktop\rigurulib_60\rigurulib\rigurulib\src\actor\playeraction\action\threadaction.cpp(120): warning C4244: '引数' : 'int' から 'float' への変換です。データが失われる可能性があります。
     1>c:\users\riguruchan\desktop\rigurulib_60\rigurulib\rigurulib\src\actor\playeraction\action\threadaction.cpp(178): warning C4244: '引数' : 'int' から 'float' への変換です。データが失われる可能性があります。
     1>c:\users\riguruchan\desktop\rigurulib_60\rigurulib\rigurulib\src\actor\playeraction\action\threadaction.cpp(188): warning C4244: '引数' : 'int' から 'float' への変換です。データが失われる可能性があります。
         StepAction.cpp
         c:\users\riguruchan\desktop\rigurulib_60\rigurulib\directx\inc\dinput.h: DIRECTINPUT_VERSION undefined. Defaulting to version 0x0800
         RewindAction.cpp
         c:\users\riguruchan\desktop\rigurulib_60\rigurulib\directx\inc\dinput.h: DIRECTINPUT_VERSION undefined. Defaulting to version 0x0800
         PlayerActionManager.cpp
         c:\users\riguruchan\desktop\rigurulib_60\rigurulib\directx\inc\dinput.h: DIRECTINPUT_VERSION undefined. Defaulting to version 0x0800
         PlayerAction.cpp
         c:\users\riguruchan\desktop\rigurulib_60\rigurulib\directx\inc\dinput.h: DIRECTINPUT_VERSION undefined. Defaulting to version 0x0800
         ThreadWebAction.cpp
         c:\users\riguruchan\desktop\rigurulib_60\rigurulib\directx\inc\dinput.h: DIRECTINPUT_VERSION undefined. Defaulting to version 0x0800
         NormalAction.cpp
         c:\users\riguruchan\desktop\rigurulib_60\rigurulib\directx\inc\dinput.h: DIRECTINPUT_VERSION undefined. Defaulting to version 0x0800
         JumpAction.cpp
         c:\users\riguruchan\desktop\rigurulib_60\rigurulib\directx\inc\dinput.h: DIRECTINPUT_VERSION undefined. Defaulting to version 0x0800
         HoverAction.cpp
         c:\users\riguruchan\desktop\rigurulib_60\rigurulib\directx\inc\dinput.h: DIRECTINPUT_VERSION undefined. Defaulting to version 0x0800
         GroundCurlAction.cpp
         c:\users\riguruchan\desktop\rigurulib_60\rigurulib\directx\inc\dinput.h: DIRECTINPUT_VERSION undefined. Defaulting to version 0x0800
         DangleAction.cpp
         c:\users\riguruchan\desktop\rigurulib_60\rigurulib\directx\inc\dinput.h: DIRECTINPUT_VERSION undefined. Defaulting to version 0x0800
         AirCurlAction.cpp
         c:\users\riguruchan\desktop\rigurulib_60\rigurulib\directx\inc\dinput.h: DIRECTINPUT_VERSION undefined. Defaulting to version 0x0800
         TherdAI.cpp
         SecondAI.cpp
         コードを生成中...
         コンパイル中...
         FirstAI.cpp
         c:\users\riguruchan\desktop\rigurulib_60\rigurulib\directx\inc\dinput.h: DIRECTINPUT_VERSION undefined. Defaulting to version 0x0800
         CrystalCenter.cpp
         c:\users\riguruchan\desktop\rigurulib_60\rigurulib\directx\inc\dinput.h: DIRECTINPUT_VERSION undefined. Defaulting to version 0x0800
         Collision.cpp
         c:\users\riguruchan\desktop\rigurulib_60\rigurulib\directx\inc\dinput.h: DIRECTINPUT_VERSION undefined. Defaulting to version 0x0800
     1>c:\users\riguruchan\desktop\rigurulib_60\rigurulib\rigurulib\src\actor\collision.cpp(646): warning C4018: '<' : signed と unsigned の数値を比較しようとしました。
     1>c:\users\riguruchan\desktop\rigurulib_60\rigurulib\rigurulib\src\actor\collision.cpp(685): warning C4018: '<' : signed と unsigned の数値を比較しようとしました。
     1>c:\users\riguruchan\desktop\rigurulib_60\rigurulib\rigurulib\src\actor\collision.cpp(720): warning C4018: '<' : signed と unsigned の数値を比較しようとしました。
         Camera.cpp
         c:\users\riguruchan\desktop\rigurulib_60\rigurulib\directx\inc\dinput.h: DIRECTINPUT_VERSION undefined. Defaulting to version 0x0800
         Base.cpp
         c:\users\riguruchan\desktop\rigurulib_60\rigurulib\directx\inc\dinput.h: DIRECTINPUT_VERSION undefined. Defaulting to version 0x0800
         ActorManager.cpp
         Actor.cpp
         c:\users\riguruchan\desktop\rigurulib_60\rigurulib\directx\inc\dinput.h: DIRECTINPUT_VERSION undefined. Defaulting to version 0x0800
         コードを生成中...
       Link:
         C:\Program Files (x86)\Microsoft Visual Studio 12.0\VC\bin\link.exe /ERRORREPORT:PROMPT /OUT:"C:\Users\riguruchan\Desktop\RiguruLib_60\RiguruLib\Debug\RiguruLib.exe" /INCREMENTAL /NOLOGO kernel32.lib user32.lib gdi32.lib winspool.lib comdlg32.lib advapi32.lib shell32.lib ole32.lib oleaut32.lib uuid.lib odbc32.lib odbccp32.lib /MANIFEST /MANIFESTUAC:"level='asInvoker' uiAccess='false'" /manifest:embed /DEBUG /PDB:"C:\Users\riguruchan\Desktop\RiguruLib_60\RiguruLib\Debug\RiguruLib.pdb" /SUBSYSTEM:WINDOWS /TLBID:1 /DYNAMICBASE /NXCOMPAT /IMPLIB:"C:\Users\riguruchan\Desktop\RiguruLib_60\RiguruLib\Debug\RiguruLib.lib" /MACHINE:X86 Debug\Actor.obj
         Debug\ActorManager.obj
         Debug\Base.obj
         Debug\Camera.obj
         Debug\Collision.obj
         Debug\CrystalCenter.obj
         Debug\FirstAI.obj
         Debug\SecondAI.obj
         Debug\TherdAI.obj
         Debug\AirCurlAction.obj
         Debug\DangleAction.obj
         Debug\GroundCurlAction.obj
         Debug\HoverAction.obj
         Debug\JumpAction.obj
         Debug\NormalAction.obj
         Debug\ThreadWebAction.obj
         Debug\PlayerAction.obj
         Debug\PlayerActionManager.obj
         Debug\RewindAction.obj
         Debug\StepAction.obj
         Debug\ThreadAction.obj
         Debug\Thread.obj
         Debug\Player.obj
         Debug\Stage.obj
         Debug\ThreadBullet.obj
         Debug\ThreadEffect.obj
         Debug\ThreadWeb.obj
         Debug\UI.obj
         Debug\Audio.obj
         Debug\Sound.obj
         Debug\Animation.obj
         Debug\AnimUser.obj
         Debug\RgrALoader.obj
         Debug\Graphic.obj
         Debug\Mesh.obj
         Debug\MeshUser.obj
         Debug\OctreeLoader.obj
         Debug\OctreeUser.obj
         Debug\RgrLoader.obj
         Debug\LoadTexture.obj
         Debug\Shader.obj
         Debug\Line.obj
         Debug\Font.obj
         Debug\Texture.obj
         Debug\GamePad.obj
         Debug\Input.obj
         Debug\KeyBoard.obj
         Debug\Mouse.obj
         Debug\main.obj
         Debug\Converter.obj
         Debug\MathUtility.obj
         Debug\Matrix4.obj
         Debug\MatrixUtility.obj
         Debug\Quaternion.obj
         Debug\V3Calculation.obj
         Debug\Vector2.obj
         Debug\Vector2Utility.obj
         Debug\Vector3.obj
         Debug\Vector3Utility.obj
         Debug\D3D11User.obj
         Debug\DemoScene.obj
         Debug\GamePlayScene.obj
         Debug\ResultScene.obj
         Debug\SceneManager.obj
         Debug\TitleScene.obj
         Debug\World.obj
         Debug\WorldActor.obj
         LINK : 前回のインクリメンタル リンクで C:\Users\riguruchan\Desktop\RiguruLib_60\RiguruLib\Debug\RiguruLib.exe が見つからなかったか、ビルドされませんでした。フル リンクを行います。
         RiguruLib.vcxproj -> C:\Users\riguruchan\Desktop\RiguruLib_60\RiguruLib\Debug\RiguruLib.exe
     1>プロジェクト "C:\Users\riguruchan\Desktop\RiguruLib_60\RiguruLib\RiguruLib\RiguruLib.vcxproj" (Build ターゲット) のビルドが完了しました。

ビルドに成功しました。

経過時間 00:01:45.65
